2018-03-20__17:43:46 1 / 19022 11227        38%
2018-03-20__17:43:46 0 disk 19022 11227 41%
 
2018-03-20__17:43:46 1 / 19022 11227        38%
2018-03-20__17:43:46 0 disk 19022 11227 41%
 
2018-03-20__17:43:46 1 / 19022 11227        38%
2018-03-20__17:43:46 0 disk 19022 11227 41%
 
2018-03-20__18:03:21 1 / 19022 11227        38%
2018-03-20__18:03:21 0 disk 19022 11227 41%
 
2018-03-20__18:03:43 1 / 19022 11227        38%
2018-03-20__18:03:43 0 disk 19022 11227 41%
 
2018-03-20__18:04:04 1 / 19022 11226        38%
2018-03-20__18:04:04 0 disk 19022 11226 41%
 
2018-03-20__18:06:25 1 / 19022 11226        38%
2018-03-20__18:06:25 0 disk 19022 11226 41%
 
2018-03-20__18:06:25 1 / 19022 11226        38%
2018-03-20__18:06:25 0 disk 19022 11226 41%
 
2018-03-20__18:06:25 1 / 19022 11226        38%
2018-03-20__18:06:25 0 disk 19022 11226 41%
 
2018-03-20__18:06:46 1 / 19022 11226        38%
2018-03-20__18:06:46 0 disk 19022 11226 41%
 
2018-03-20__18:06:46 1 / 19022 11226        38%
2018-03-20__18:06:46 0 disk 19022 11226 41%
 
2018-03-20__18:06:46 1 / 19022 11226        38%
2018-03-20__18:06:46 0 disk 19022 11226 41%
 
2018-03-20__18:07:08 1 / 19022 11226        38%
2018-03-20__18:07:08 0 disk 19022 11226 41%
 
2018-03-20__18:07:08 1 / 19022 11226        38%
2018-03-20__18:07:08 0 disk 19022 11226 41%
 
2018-03-20__18:07:08 1 / 19022 11226        38%
2018-03-20__18:07:08 0 disk 19022 11226 41%
 
2018-03-20__18:07:29 1 / 19022 11226        38%
2018-03-20__18:07:29 0 disk 19022 11226 41%
 
2018-03-20__18:07:29 1 / 19022 11226        38%
2018-03-20__18:07:29 0 disk 19022 11226 41%
 
2018-03-20__18:07:29 1 / 19022 11226        38%
2018-03-20__18:07:29 0 disk 19022 11226 41%
 
2018-03-20__18:07:51 1 / 19022 11226        38%
2018-03-20__18:07:51 0 disk 19022 11226 41%
 
2018-03-20__18:07:51 1 / 19022 11226        38%
2018-03-20__18:07:51 0 disk 19022 11226 41%
 
2018-03-20__18:07:51 1 / 19022 11226        38%
2018-03-20__18:07:51 0 disk 19022 11226 41%
 
2018-03-20__18:08:12 1 / 19022 11226        38%
2018-03-20__18:08:12 0 disk 19022 11226 41%
 
2018-03-20__18:08:12 1 / 19022 11226        38%
2018-03-20__18:08:12 0 disk 19022 11226 41%
 
2018-03-20__18:08:12 1 / 19022 11226        38%
2018-03-20__18:08:12 0 disk 19022 11226 41%
 
2018-03-20__18:08:34 1 / 19022 11226        38%
2018-03-20__18:08:34 0 disk 19022 11226 41%
 
2018-03-20__18:08:34 1 / 19022 11226        38%
2018-03-20__18:08:34 0 disk 19022 11226 41%
 
2018-03-20__18:08:34 1 / 19022 11226        38%
2018-03-20__18:08:34 0 disk 19022 11226 41%
 
2018-03-20__18:08:55 1 / 19022 11226        38%
2018-03-20__18:08:55 0 disk 19022 11226 41%
 
2018-03-20__18:08:56 1 / 19022 11226        38%
2018-03-20__18:08:56 0 disk 19022 11226 41%
 
2018-03-20__18:08:56 1 / 19022 11226        38%
2018-03-20__18:08:56 0 disk 19022 11226 41%
 
2018-03-20__18:27:06 1 / 19022 11224        38%
2018-03-20__18:27:06 0 disk 19022 11224 41%
 
2018-03-20__18:27:06 1 / 19022 11224        38%
2018-03-20__18:27:06 0 disk 19022 11224 41%
 
2018-03-20__18:27:06 1 / 19022 11224        38%
2018-03-20__18:27:06 0 disk 19022 11224 41%
 
2018-03-20__18:27:27 1 / 19022 11224        38%
2018-03-20__18:27:27 0 disk 19022 11224 41%
 
2018-03-20__18:27:28 1 / 19022 11224        38%
2018-03-20__18:27:28 0 disk 19022 11224 41%
 
2018-03-20__18:27:28 1 / 19022 11224        38%
2018-03-20__18:27:28 0 disk 19022 11224 41%
 
2018-03-20__18:27:49 1 / 19022 11224        38%
2018-03-20__18:27:49 0 disk 19022 11224 41%
 
2018-03-20__18:27:49 1 / 19022 11224        38%
2018-03-20__18:27:49 0 disk 19022 11224 41%
 
2018-03-20__18:27:49 1 / 19022 11224        38%
2018-03-20__18:27:49 0 disk 19022 11224 41%
 
2018-03-20__18:28:11 1 / 19022 11224        38%
2018-03-20__18:28:11 0 disk 19022 11224 41%
 
2018-03-20__18:28:11 1 / 19022 11224        38%
2018-03-20__18:28:11 0 disk 19022 11224 41%
 
2018-03-20__18:28:11 1 / 19022 11224        38%
2018-03-20__18:28:11 0 disk 19022 11224 41%
 
2018-03-23__00:10:28 1 / 19022 11222        38%
2018-03-23__00:10:28 0 disk 19022 11222 42%
 
2018-03-23__00:10:50 1 / 19022 11222        38%
2018-03-23__00:10:50 0 disk 19022 11222 42%
 
2018-03-23__00:11:54 1 / 19022 11222        38%
2018-03-23__00:11:54 0 disk 19022 11222 42%
 
2018-03-23__00:12:16 1 / 19022 11222        38%
2018-03-23__00:12:16 0 disk 19022 11222 42%
 
2018-03-23__00:12:38 1 / 19022 11222        38%
2018-03-23__00:12:38 0 disk 19022 11222 42%
 
2018-03-23__00:13:00 1 / 19022 11222        38%
2018-03-23__00:13:00 0 disk 19022 11222 42%
 
2018-03-23__00:13:22 1 / 19022 11222        38%
2018-03-23__00:13:22 0 disk 19022 11222 42%
 
2018-03-23__00:13:44 1 / 19022 11222        38%
2018-03-23__00:13:44 0 disk 19022 11222 42%
 
2018-03-23__00:14:07 1 / 19022 11222        38%
2018-03-23__00:14:07 0 disk 19022 11222 42%
 
2018-03-23__00:14:29 1 / 19022 11222        38%
2018-03-23__00:14:29 0 disk 19022 11222 42%
 
2018-03-23__00:14:51 1 / 19022 11222        38%
2018-03-23__00:14:51 0 disk 19022 11222 42%
 
2018-03-23__00:15:13 1 / 19022 11222        38%
2018-03-23__00:15:13 0 disk 19022 11222 42%
 
2018-03-23__00:18:23 1 / 19022 11222        38%
2018-03-23__00:18:23 0 disk 19022 11222 42%
 
2018-03-23__00:18:45 1 / 19022 11222        38%
2018-03-23__00:18:45 0 disk 19022 11222 42%
 
2018-03-23__00:19:06 1 / 19022 11222        38%
2018-03-23__00:19:06 0 disk 19022 11222 42%
 
2018-03-23__00:24:07 1 / 19022 11222        38%
2018-03-23__00:24:07 0 disk 19022 11222 42%
 
2018-03-23__00:24:29 1 / 19022 11222        38%
2018-03-23__00:24:29 0 disk 19022 11222 42%
 
2018-03-23__00:24:51 1 / 19022 11222        38%
2018-03-23__00:24:51 0 disk 19022 11222 42%
 
2018-03-23__00:25:14 1 / 19022 11222        38%
2018-03-23__00:25:14 0 disk 19022 11222 42%
 
2018-03-23__00:28:34 1 / 19022 11222        38%
2018-03-23__00:28:34 0 disk 19022 11222 42%
 
2018-03-23__00:30:18 1 / 19022 11222        38%
2018-03-23__00:30:18 0 disk 19022 11222 42%
 
2018-03-23__00:30:39 1 / 19022 11222        38%
2018-03-23__00:30:39 0 disk 19022 11222 42%
 
2018-03-23__00:31:00 1 / 19022 11222        38%
2018-03-23__00:31:00 0 disk 19022 11222 42%
 
2018-03-23__00:31:22 1 / 19022 11222        38%
2018-03-23__00:31:22 0 disk 19022 11222 42%
 
2018-03-23__00:31:43 1 / 19022 11222        38%
2018-03-23__00:31:43 0 disk 19022 11222 42%
 
2018-03-23__00:32:05 1 / 19022 11222        38%
2018-03-23__00:32:05 0 disk 19022 11222 42%
 
2018-03-23__00:35:12 1 / 19022 11222        38%
2018-03-23__00:35:12 0 disk 19022 11222 42%
 
2018-03-23__00:35:33 1 / 19022 11222        38%
2018-03-23__00:35:33 0 disk 19022 11222 42%
 
2018-03-23__00:35:52 1 / 19022 11222        38%
2018-03-23__00:35:52 0 disk 19022 11222 42%
 
2018-03-23__00:35:56 1 / 19022 11222        38%
2018-03-23__00:35:56 0 disk 19022 11222 42%
 
2018-03-23__00:38:18 1 / 19022 11222        38%
2018-03-23__00:38:18 0 disk 19022 11222 42%
 
2018-03-23__00:42:26 1 / 19022 11222        38%
2018-03-23__00:42:26 0 disk 19022 11222 42%
 
2018-03-23__00:42:48 1 / 19022 11222        38%
2018-03-23__00:42:48 0 disk 19022 11222 42%
 
2018-03-23__00:43:09 1 / 19022 11222        38%
2018-03-23__00:43:09 0 disk 19022 11222 42%
 
2018-03-23__00:49:10 1 / 19022 11222        38%
2018-03-23__00:49:10 0 disk 19022 11222 42%
 
2018-03-23__01:03:19 1 / 19022 11222        38%
2018-03-23__01:03:19 0 disk 19022 11222 42%
 
2018-03-23__01:08:21 1 / 19022 11222        38%
2018-03-23__01:08:21 0 disk 19022 11222 42%
 
2018-03-23__01:14:41 1 / 19022 11222        38%
2018-03-23__01:14:41 0 disk 19022 11222 42%
 
2018-03-23__01:17:26 1 / 19022 11222        38%
2018-03-23__01:17:26 0 disk 19022 11222 42%
 
2018-03-23__01:25:27 1 / 19022 11222        38%
2018-03-23__01:25:27 0 disk 19022 11222 42%
 
2018-03-23__01:31:58 1 / 19022 11222        38%
2018-03-23__01:31:58 0 disk 19022 11222 42%
 
2018-03-23__01:32:33 1 / 19022 11222        38%
2018-03-23__01:32:33 0 disk 19022 11222 42%
 
